<?xml version="1.0" encoding="UTF-8"?>
<testsuite xmlns:xsi="http://www.w3.org/2001/XMLSchema-instance" xsi:noNamespaceSchemaLocation="https://maven.apache.org/surefire/maven-surefire-plugin/xsd/surefire-test-report.xsd" version="3.0.2" name="com.datn.backend.BackendApplicationTests" time="8.35" tests="1" errors="0" skipped="0" failures="0" flakes="0">
  <properties>
[...]
</properties>
  <testcase name="contextLoads" classname="com.datn.backend.BackendApplicationTests" time="0.349">
    <system-out><![CDATA[23:12:54.614 [main] INFO org.springframework.test.context.support.AnnotationConfigContextLoaderUtils -- Could not detect default configuration classes for test class [com.datn.backend.BackendApplicationTests]: BackendApplicationTests does not declare any static, non-private, non-final, nested classes annotated with @Configuration.
23:12:54.732 [main] INFO org.springframework.boot.test.context.SpringBootTestContextBootstrapper -- Found @SpringBootConfiguration com.datn.backend.BackendApplication for test class com.datn.backend.BackendApplicationTests

  .   ____          _            __ _ _
 /\\ / ___'_ __ _ _(_)_ __  __ _ \ \ \ \
( ( )\___ | '_ | '_| | '_ \/ _` | \ \ \ \
 \\/  ___)| |_)| | | | | || (_| |  ) ) ) )
  '  |____| .__|_| |_|_| |_\__, | / / / /
 =========|_|==============|___/=/_/_/_/

 :: Spring Boot ::               (v3.5.15)

2026-09-26T23:12:55.238+07:00  INFO 13776 --- [backend] [           main] c.datn.backend.BackendApplicationTests   : Starting BackendApplicationTests using Java 25.0.1 with PID 13776 (started by MALV_21H1 in F:\DATN\DoAnTotNghiep\backend)
2026-09-26T23:12:55.241+07:00  INFO 13776 --- [backend] [           main] c.datn.backend.BackendApplicationTests   : No active profile set, falling back to 1 default profile: "default"
2026-09-26T23:12:56.460+07:00  INFO 13776 --- [backend] [           main] .s.d.r.c.RepositoryConfigurationDelegate : Bootstrapping Spring Data JPA repositories in DEFAULT mode.
2026-09-26T23:12:56.625+07:00  INFO 13776 --- [backend] [           main] .s.d.r.c.RepositoryConfigurationDelegate : Finished Spring Data repository scanning in 154 ms. Found 19 JPA repository interfaces.
2026-09-26T23:12:57.247+07:00  INFO 13776 --- [backend] [           main] o.hibernate.jpa.internal.util.LogHelper  : HHH000204: Processing PersistenceUnitInfo [name: default]
2026-09-26T23:12:57.324+07:00  INFO 13776 --- [backend] [           main] org.hibernate.Version                    : HHH000412: Hibernate ORM core version 6.6.53.Final
2026-09-26T23:12:57.366+07:00  INFO 13776 --- [backend] [           main] o.h.c.internal.RegionFactoryInitiator    : HHH000026: Second-level cache disabled
2026-09-26T23:12:57.702+07:00  INFO 13776 --- [backend] [           main] o.s.o.j.p.SpringPersistenceUnitInfo      : No LoadTimeWeaver setup: ignoring JPA class transformer
2026-09-26T23:12:57.737+07:00  INFO 13776 --- [backend] [           main] com.zaxxer.hikari.HikariDataSource       : HikariPool-1 - Starting...
2026-09-26T23:12:58.096+07:00  INFO 13776 --- [backend] [           main] com.zaxxer.hikari.pool.HikariPool        : HikariPool-1 - Added connection com.mysql.cj.jdbc.ConnectionImpl@2d172c7
2026-09-26T23:12:58.098+07:00  INFO 13776 --- [backend] [           main] com.zaxxer.hikari.HikariDataSource       : HikariPool-1 - Start completed.
2026-09-26T23:12:58.144+07:00  WARN 13776 --- [backend] [           main] org.hibernate.orm.deprecation            : HHH90000025: MySQLDialect does not need to be specified explicitly using 'hibernate.dialect' (remove the property setting and it will be selected by default)
2026-09-26T23:12:58.159+07:00  INFO 13776 --- [backend] [           main] org.hibernate.orm.connections.pooling    : HHH10001005: Database info:
	Database JDBC URL [Connecting through datasource 'HikariDataSource (HikariPool-1)']
	Database driver: undefined/unknown
	Database version: 8.4.9
	Autocommit mode: undefined/unknown
	Isolation level: undefined/unknown
	Minimum pool size: undefined/unknown
	Maximum pool size: undefined/unknown
2026-09-26T23:12:59.495+07:00  INFO 13776 --- [backend] [           main] o.h.e.t.j.p.i.JtaPlatformInitiator       : HHH000489: No JTA platform available (set 'hibernate.transaction.jta.platform' to enable JTA platform integration)
Hibernate: 
    alter table chat_conversations 
       modify column status enum ('CLOSED','ESCALATED','OPEN') not null
Hibernate: 
    alter table chat_messages 
       modify column sender_type enum ('BOT','CUSTOMER','STAFF') not null
Hibernate: 
    alter table inventory_transactions 
       modify column reason enum ('ADJUSTMENT','IMPORT','ORDER_CANCELLED','ORDER_PLACED','ORDER_RETURNED') not null
Hibernate: 
    alter table notifications 
       modify column type enum ('CHAT','ORDER','PROMOTION','SYSTEM') not null
Hibernate: 
    alter table orders 
       modify column payment_method enum ('COD','ONLINE') not null
Hibernate: 
    alter table orders 
       modify column status enum ('CANCELLED','COMPLETED','CONFIRMED','DELIVERED','PENDING_CONFIRMATION','PENDING_PAYMENT','RETURNED','SHIPPING') not null
Hibernate: 
    alter table payment_transactions 
       modify column status enum ('CANCELLED','FAILED','PENDING','SUCCESS') not null
Hibernate: 
    alter table product_recommendations 
       modify column placement enum ('CART','HOME','POST_ORDER','PRODUCT_DETAIL') not null
Hibernate: 
    alter table product_relations 
       modify column relation_type enum ('COMPLEMENTARY','SIMILAR') not null
Hibernate: 
    alter table products 
       modify column status enum ('ACTIVE','DISCONTINUED','INACTIVE','OUT_OF_STOCK') not null
Hibernate: 
    alter table reviews 
       modify column status enum ('HIDDEN','PENDING','VISIBLE') not null
Hibernate: 
    alter table user_behavior_logs 
       modify column action_type enum ('ADD_TO_CART','FAVORITE','PURCHASE','REVIEW','SEARCH','VIEW') not null
Hibernate: 
    alter table users 
       modify column status enum ('ACTIVE','LOCKED','UNVERIFIED') not null
Hibernate: 
    alter table vouchers 
       modify column discount_type enum ('AMOUNT','PERCENT') not null
Hibernate: 
    alter table vouchers 
       modify column status enum ('ACTIVE','DISABLED','EXPIRED') not null
2026-09-26T23:12:59.907+07:00  INFO 13776 --- [backend] [           main] j.LocalContainerEntityManagerFactoryBean : Initialized JPA EntityManagerFactory for persistence unit 'default'
2026-09-26T23:13:00.363+07:00  INFO 13776 --- [backend] [           main] o.s.d.j.r.query.QueryEnhancerFactory     : Hibernate is in classpath; If applicable, HQL parser will be used.
2026-09-26T23:13:01.108+07:00  INFO 13776 --- [backend] [           main] eAuthenticationProviderManagerConfigurer : Global AuthenticationManager configured with AuthenticationProvider bean with name authenticationProvider
2026-09-26T23:13:01.108+07:00  WARN 13776 --- [backend] [           main] r$InitializeUserDetailsManagerConfigurer : Global AuthenticationManager configured with an AuthenticationProvider bean. UserDetailsService beans will not be used by Spring Security for automatically configuring username/password login. Consider removing the AuthenticationProvider bean. Alternatively, consider using the UserDetailsService in a manually instantiated DaoAuthenticationProvider. If the current configuration is intentional, to turn off this warning, increase the logging level of 'org.springframework.security.config.annotation.authentication.configuration.InitializeUserDetailsBeanManagerConfigurer' to ERROR
2026-09-26T23:13:01.490+07:00  WARN 13776 --- [backend] [           main] JpaBaseConfiguration$JpaWebConfiguration : spring.jpa.open-in-view is enabled by default. Therefore, database queries may be performed during view rendering. Explicitly configure spring.jpa.open-in-view to disable this warning
2026-09-26T23:13:02.243+07:00  INFO 13776 --- [backend] [           main] c.datn.backend.BackendApplicationTests   : Started BackendApplicationTests in 7.387 seconds (process running for 8.253)
Hibernate: 
    select
        p1_0.permission_id,
        p1_0.description,
        p1_0.permission_code 
    from
        permissions p1_0 
    where
        p1_0.permission_code=?
Hibernate: 
    select
        pt1_0.payment_id 
    from
        payment_transactions pt1_0 
    join
        orders o1_0 
            on o1_0.order_id=pt1_0.order_id 
    where
        upper(pt1_0.provider)='VNPAY' 
        and o1_0.status=? 
        and pt1_0.created_at<? 
        and pt1_0.created_at=(
            select
                max(pt2_0.created_at) 
            from
                payment_transactions pt2_0 
            where
                pt2_0.order_id=pt1_0.order_id 
                and upper(pt2_0.provider)='VNPAY'
        )
Hibernate: 
    select
        p1_0.permission_id,
        p1_0.description,
        p1_0.permission_code 
    from
        permissions p1_0 
    where
        p1_0.permission_code=?
Hibernate: 
    select
        p1_0.permission_id,
        p1_0.description,
        p1_0.permission_code 
    from
        permissions p1_0 
    where
        p1_0.permission_code=?
Hibernate: 
    select
        p1_0.permission_id,
        p1_0.description,
        p1_0.permission_code 
    from
        permissions p1_0 
    where
        p1_0.permission_code=?
Hibernate: 
    select
        p1_0.permission_id,
        p1_0.description,
        p1_0.permission_code 
    from
        permissions p1_0 
    where
        p1_0.permission_code=?
Hibernate: 
    select
        p1_0.permission_id,
        p1_0.description,
        p1_0.permission_code 
    from
        permissions p1_0 
    where
        p1_0.permission_code=?
Hibernate: 
    select
        p1_0.permission_id,
        p1_0.description,
        p1_0.permission_code 
    from
        permissions p1_0 
    where
        p1_0.permission_code=?
Hibernate: 
    select
        p1_0.permission_id,
        p1_0.description,
        p1_0.permission_code 
    from
        permissions p1_0 
    where
        p1_0.permission_code=?
Hibernate: 
    select
        p1_0.permission_id,
        p1_0.description,
        p1_0.permission_code 
    from
        permissions p1_0 
    where
        p1_0.permission_code=?
Hibernate: 
    select
        p1_0.permission_id,
        p1_0.description,
        p1_0.permission_code 
    from
        permissions p1_0 
    where
        p1_0.permission_code=?
Hibernate: 
    select
        p1_0.permission_id,
        p1_0.description,
        p1_0.permission_code 
    from
        permissions p1_0 
    where
        p1_0.permission_code=?
Hibernate: 
    select
        p1_0.permission_id,
        p1_0.description,
        p1_0.permission_code 
    from
        permissions p1_0 
    where
        p1_0.permission_code=?
Hibernate: 
    select
        p1_0.permission_id,
        p1_0.description,
        p1_0.permission_code 
    from
        permissions p1_0 
    where
        p1_0.permission_code=?
Hibernate: 
    select
        p1_0.permission_id,
        p1_0.description,
        p1_0.permission_code 
    from
        permissions p1_0 
    where
        p1_0.permission_code=?
Hibernate: 
    select
        p1_0.permission_id,
        p1_0.description,
        p1_0.permission_code 
    from
        permissions p1_0 
    where
        p1_0.permission_code=?
Hibernate: 
    select
        p1_0.permission_id,
        p1_0.description,
        p1_0.permission_code 
    from
        permissions p1_0 
    where
        p1_0.permission_code=?
Hibernate: 
    select
        p1_0.permission_id,
        p1_0.description,
        p1_0.permission_code 
    from
        permissions p1_0 
    where
        p1_0.permission_code=?
Hibernate: 
    select
        p1_0.permission_id,
        p1_0.description,
        p1_0.permission_code 
    from
        permissions p1_0 
    where
        p1_0.permission_code=?
Hibernate: 
    select
        p1_0.permission_id,
        p1_0.description,
        p1_0.permission_code 
    from
        permissions p1_0 
    where
        p1_0.permission_code=?
Hibernate: 
    select
        p1_0.permission_id,
        p1_0.description,
        p1_0.permission_code 
    from
        permissions p1_0 
    where
        p1_0.permission_code=?
Hibernate: 
    select
        p1_0.permission_id,
        p1_0.description,
        p1_0.permission_code 
    from
        permissions p1_0 
    where
        p1_0.permission_code=?
Hibernate: 
    select
        p1_0.permission_id,
        p1_0.description,
        p1_0.permission_code 
    from
        permissions p1_0 
    where
        p1_0.permission_code=?
Hibernate: 
    select
        p1_0.permission_id,
        p1_0.description,
        p1_0.permission_code 
    from
        permissions p1_0 
    where
        p1_0.permission_code=?
Hibernate: 
    select
        p1_0.permission_id,
        p1_0.description,
        p1_0.permission_code 
    from
        permissions p1_0 
    where
        p1_0.permission_code=?
Hibernate: 
    select
        p1_0.permission_id,
        p1_0.description,
        p1_0.permission_code 
    from
        permissions p1_0 
    where
        p1_0.permission_code=?
Hibernate: 
    select
        p1_0.permission_id,
        p1_0.description,
        p1_0.permission_code 
    from
        permissions p1_0 
    where
        p1_0.permission_code=?
Hibernate: 
    select
        p1_0.permission_id,
        p1_0.description,
        p1_0.permission_code 
    from
        permissions p1_0 
    where
        p1_0.permission_code=?
Hibernate: 
    select
        r1_0.role_id,
        r1_0.description,
        r1_0.role_code,
        r1_0.role_name 
    from
        roles r1_0 
    where
        r1_0.role_code=?
Hibernate: 
    select
        r1_0.role_id,
        r1_0.description,
        r1_0.role_code,
        r1_0.role_name 
    from
        roles r1_0 
    where
        r1_0.role_code=?
Hibernate: 
    select
        r1_0.role_id,
        r1_0.description,
        r1_0.role_code,
        r1_0.role_name 
    from
        roles r1_0 
    where
        r1_0.role_code=?
Hibernate: 
    select
        p1_0.role_id,
        p1_1.permission_id,
        p1_1.description,
        p1_1.permission_code 
    from
        role_permissions p1_0 
    join
        permissions p1_1 
            on p1_1.permission_id=p1_0.permission_id 
    where
        p1_0.role_id=?
Hibernate: 
    select
        p1_0.role_id,
        p1_1.permission_id,
        p1_1.description,
        p1_1.permission_code 
    from
        role_permissions p1_0 
    join
        permissions p1_1 
            on p1_1.permission_id=p1_0.permission_id 
    where
        p1_0.role_id=?
Hibernate: 
    select
        u1_0.user_id 
    from
        users u1_0 
    where
        u1_0.email=? 
    limit
        ?
]]></system-out>
    <system-err><![CDATA[Mockito is currently self-attaching to enable the inline-mock-maker. This will no longer work in future releases of the JDK. Please add Mockito as an agent to your build as described in Mockito's documentation: https://javadoc.io/doc/org.mockito/mockito-core/latest/org.mockito/org/mockito/Mockito.html#0.3
WARNING: A Java agent has been loaded dynamically (C:\Users\MALV_21H1\.m2\repository\net\bytebuddy\byte-buddy-agent\1.17.8\byte-buddy-agent-1.17.8.jar)
WARNING: If a serviceability tool is in use, please run with -XX:+EnableDynamicAgentLoading to hide this warning
WARNING: If a serviceability tool is not in use, please run with -Djdk.instrument.traceUsage for more information
WARNING: Dynamic loading of agents will be disallowed by default in a future release
]]></system-err>
  </testcase>
</testsuite>